Unity Editor version:    2020.3.29f1 (2ff179115da0)
Branch:                  2020.3/staging
Build type:              Release
Batch mode:              YES
macOS version:           Version 12.3.1 (Build 21E258)
Darwin version:          21.4.0
Architecture:            x86_64
Running under Rosetta:   YES
Available memory:        16384 MB
Using pre-set license
Pro License: NO

COMMAND LINE ARGUMENTS:
/Applications/Unity/Hub/Editor/2020.3.29f1/Unity.app/Contents/MacOS/Unity
-adb2
-batchMode
-noUpm
-name
AssetImportWorker1
-projectPath
/Users/davideveniersegovia/Desktop/UPV/II_semestre/ArteyVideojuegos/RipArt_Videojuego/RipArt_Videojuego/RipArt_Unity
-logFile
Logs/AssetImportWorker1.log
-srvPort
49362
Successfully changed project path to: /Users/davideveniersegovia/Desktop/UPV/II_semestre/ArteyVideojuegos/RipArt_Videojuego/RipArt_Videojuego/RipArt_Unity
/Users/davideveniersegovia/Desktop/UPV/II_semestre/ArteyVideojuegos/RipArt_Videojuego/RipArt_Videojuego/RipArt_Unity
Using Asset Import Pipeline V2.
Refreshing native plugins compatible for Editor in 30.02 ms, found 2 plugins.
Preloading 0 native plugins for Editor in 0.00 ms.
Initialize engine version: 2020.3.29f1 (2ff179115da0)
[Subsystems] Discovering subsystems at path /Applications/Unity/Hub/Editor/2020.3.29f1/Unity.app/Contents/Resources/UnitySubsystems
[Subsystems] Discovering subsystems at path /Users/davideveniersegovia/Desktop/UPV/II_semestre/ArteyVideojuegos/RipArt_Videojuego/RipArt_Videojuego/RipArt_Unity/Assets
GfxDevice: creating device client; threaded=0
2022-05-25 23:57:18.032 Unity[4268:125824] (null) preferred device: Apple M1 (high power)
2022-05-25 23:57:18.032 Unity[4268:125824] Metal devices available: 1
2022-05-25 23:57:18.032 Unity[4268:125824] 0: Apple M1 (high power)
2022-05-25 23:57:18.032 Unity[4268:125824] Using device Apple M1 (high power)
Initializing Metal device caps: Apple M1
Initialize mono
Mono path[0] = '/Applications/Unity/Hub/Editor/2020.3.29f1/Unity.app/Contents/Managed'
Mono path[1] = '/Applications/Unity/Hub/Editor/2020.3.29f1/Unity.app/Contents/MonoBleedingEdge/lib/mono/unityjit'
Mono config path = '/Applications/Unity/Hub/Editor/2020.3.29f1/Unity.app/Contents/MonoBleedingEdge/etc'
Using monoOptions --debugger-agent=transport=dt_socket,embedding=1,server=y,suspend=n,address=127.0.0.1:56268
Begin MonoManager ReloadAssembly
Registering precompiled unity dll's ...
Register platform support module: /Applications/Unity/Hub/Editor/2020.3.29f1/Unity.app/Contents/PlaybackEngines/MacStandaloneSupport/UnityEditor.OSXStandalone.Extensions.dll
Register platform support module: /Applications/Unity/Hub/Editor/2020.3.29f1/PlaybackEngines/WindowsStandaloneSupport/UnityEditor.WindowsStandalone.Extensions.dll
Registered in 0.000355 seconds.
Native extension for WindowsStandalone target not found
Native extension for OSXStandalone target not found
Refreshing native plugins compatible for Editor in 31.97 ms, found 2 plugins.
Preloading 0 native plugins for Editor in 0.00 ms.
Mono: successfully reloaded assembly
- Completed reload, in  1.124 seconds
Domain Reload Profiling:
	ReloadAssembly (1124ms)
		BeginReloadAssembly (77ms)
			ExecutionOrderSort (0ms)
			DisableScriptedObjects (0ms)
			BackupInstance (0ms)
			ReleaseScriptingObjects (0ms)
			CreateAndSetChildDomain (2ms)
		EndReloadAssembly (939ms)
			LoadAssemblies (75ms)
			RebuildTransferFunctionScriptingTraits (0ms)
			SetupTypeCache (171ms)
			ReleaseScriptCaches (0ms)
			RebuildScriptCaches (38ms)
			SetupLoadedEditorAssemblies (463ms)
				LogAssemblyErrors (0ms)
				InitializePlatformSupportModulesInManaged (11ms)
				SetLoadedEditorAssemblies (0ms)
				RefreshPlugins (32ms)
				BeforeProcessingInitializeOnLoad (30ms)
				ProcessInitializeOnLoadAttributes (292ms)
				ProcessInitializeOnLoadMethodAttributes (98ms)
				AfterProcessingInitializeOnLoad (0ms)
				EditorAssembliesLoaded (1ms)
			ExecutionOrderSort2 (0ms)
			AwakeInstancesAfterBackupRestoration (0ms)
Platform modules already initialized, skipping
Registering precompiled user dll's ...
Registered in 0.000673 seconds.
Begin MonoManager ReloadAssembly
Native extension for WindowsStandalone target not found
Native extension for OSXStandalone target not found
Refreshing native plugins compatible for Editor in 0.34 ms, found 2 plugins.
Preloading 0 native plugins for Editor in 0.00 ms.
Mono: successfully reloaded assembly
- Completed reload, in  2.003 seconds
Domain Reload Profiling:
	ReloadAssembly (2005ms)
		BeginReloadAssembly (238ms)
			ExecutionOrderSort (0ms)
			DisableScriptedObjects (29ms)
			BackupInstance (0ms)
			ReleaseScriptingObjects (0ms)
			CreateAndSetChildDomain (29ms)
		EndReloadAssembly (1682ms)
			LoadAssemblies (169ms)
			RebuildTransferFunctionScriptingTraits (0ms)
			SetupTypeCache (297ms)
			ReleaseScriptCaches (0ms)
			RebuildScriptCaches (48ms)
			SetupLoadedEditorAssemblies (929ms)
				LogAssemblyErrors (0ms)
				InitializePlatformSupportModulesInManaged (14ms)
				SetLoadedEditorAssemblies (1ms)
				RefreshPlugins (0ms)
				BeforeProcessingInitializeOnLoad (170ms)
				ProcessInitializeOnLoadAttributes (715ms)
				ProcessInitializeOnLoadMethodAttributes (28ms)
				AfterProcessingInitializeOnLoad (1ms)
				EditorAssembliesLoaded (0ms)
			ExecutionOrderSort2 (0ms)
			AwakeInstancesAfterBackupRestoration (33ms)
Platform modules already initialized, skipping
Validating Project structure ... 0.010499 seconds.
Shader import version has changed; will reimport all shaders...
Upgrading shader files ...0.015209 seconds.
Application.AssetDatabase Initial Script Refresh Start
RefreshInfo: InitialScriptRefreshV2(NoUpdateAssetOptions) scanfilter:  ... 1 filters
RefreshProfiler: Total: 0.000ms
Application.AssetDatabase Initial Script Refresh End
Application.AssetDatabase.Refresh Start
Application.AssetDatabase.Refresh End
RefreshInfo: StopAssetImportingV2(ForceSynchronousImport) scanfilter: 
RefreshProfiler: Total: 0.000ms
Launching external process: /Applications/Unity/Hub/Editor/2020.3.29f1/Unity.app/Contents/Tools/UnityShaderCompiler
Launched and connected shader compiler UnityShaderCompiler after 0.02 seconds
Initializing Unity extensions:
2022-05-25 23:57:22.390 Unity[4268:125824] NSEventModifierFlagFunction specified to -setKeyEquivalentModifierMask: for item <NSMenuItem: 0x600002a5e840 Font Asset, ke='Command-F12'>, but is only supported for system-provided menu items; will not be used
2022-05-25 23:57:22.393 Unity[4268:125824] NSEventModifierFlagFunction specified to -setKeyEquivalentModifierMask: for item <NSMenuItem: 0x600002a2f100 Font Asset, ke='Command-F12'>, but is only supported for system-provided menu items; will not be used
========================================================================
Worker process is ready to serve import requests
Refreshing native plugins compatible for Editor in 0.30 ms, found 2 plugins.
Preloading 0 native plugins for Editor in 0.00 ms.
Unloading 1562 Unused Serialized files (Serialized files now loaded: 0)
System memory in use before: 194.4 MB.
System memory in use after: 194.2 MB.

Unloading 110 unused Assets to reduce memory usage. Loaded Objects now: 2051.
Total: 2.110000 ms (FindLiveObjects: 0.072250 ms CreateObjectMapping: 0.029916 ms MarkObjects: 1.833542 ms  DeleteObjects: 0.173583 ms)

AssetImportParameters requested are different than current active one (requested -> active):
  custom:video-decoder-ogg-theora: a1e56fd34408186e4bbccfd4996cb3dc -> 
  custom:container-muxer-webm: aa71ff27fc2769a1b78a27578f13a17b -> 
  custom:container-demuxer-webm: 4f35f7cbe854078d1ac9338744f61a02 -> 
  custom:container-demuxer-ogg: 62fdf1f143b41e24485cea50d1cbac27 -> 
  custom:video-encoder-webm-vp8: eb34c28f22e8b96e1ab97ce403110664 -> 
  custom:framework-osx-AVFoundation: e770b220cccbd017edd2c1fefb359320 -> 
  custom:video-decoder-webm-vp8: 9c59270c3fd7afecdb556c50c9e8de78 -> 
  custom:audio-decoder-ogg-vorbis: bf7c407c2cedff20999df2af8eb42d56 -> 
  custom:audio-encoder-webm-vorbis: bf7c407c2cedff20999df2af8eb42d56 -> 
========================================================================
Received Import Request.
  path: Assets/scenes/Obra1_Scene.unity
  artifactKey: Guid(dba8f2f8a3ce54912b2108b60fea0c62) Importer(815301076,1909f56bfc062723c751e8b465ee728b)
Start importing Assets/scenes/Obra1_Scene.unity using Guid(dba8f2f8a3ce54912b2108b60fea0c62) Importer(815301076,1909f56bfc062723c751e8b465ee728b)  -> (artifact id: '106ecc068d1031bcfdfa75f2856e6ea7') in 0.019216 seconds 
  Import took 0.021741 seconds .

========================================================================
Received Prepare
Refreshing native plugins compatible for Editor in 1.09 ms, found 2 plugins.
Preloading 0 native plugins for Editor in 0.00 ms.
Unloading 9 Unused Serialized files (Serialized files now loaded: 0)
System memory in use before: 161.1 MB.
System memory in use after: 161.2 MB.

Unloading 9 unused Assets to reduce memory usage. Loaded Objects now: 2051.
Total: 2.216208 ms (FindLiveObjects: 0.082458 ms CreateObjectMapping: 0.029709 ms MarkObjects: 2.089625 ms  DeleteObjects: 0.013792 ms)

AssetImportParameters requested are different than current active one (requested -> active):
  custom:video-decoder-ogg-theora: a1e56fd34408186e4bbccfd4996cb3dc -> 
  custom:container-muxer-webm: aa71ff27fc2769a1b78a27578f13a17b -> 
  custom:container-demuxer-webm: 4f35f7cbe854078d1ac9338744f61a02 -> 
  custom:container-demuxer-ogg: 62fdf1f143b41e24485cea50d1cbac27 -> 
  custom:video-encoder-webm-vp8: eb34c28f22e8b96e1ab97ce403110664 -> 
  custom:framework-osx-AVFoundation: e770b220cccbd017edd2c1fefb359320 -> 
  custom:video-decoder-webm-vp8: 9c59270c3fd7afecdb556c50c9e8de78 -> 
  custom:audio-decoder-ogg-vorbis: bf7c407c2cedff20999df2af8eb42d56 -> 
  custom:audio-encoder-webm-vorbis: bf7c407c2cedff20999df2af8eb42d56 -> 
========================================================================
Received Prepare
Registering precompiled user dll's ...
Registered in 0.000718 seconds.
Begin MonoManager ReloadAssembly
Native extension for WindowsStandalone target not found
Native extension for OSXStandalone target not found
Refreshing native plugins compatible for Editor in 0.36 ms, found 2 plugins.
Preloading 0 native plugins for Editor in 0.00 ms.
2022-05-25 23:59:04.596 Unity[4268:125824] NSEventModifierFlagFunction specified to -setKeyEquivalentModifierMask: for item <NSMenuItem: 0x600002a4c540 Font Asset, ke='Command-F12'>, but is only supported for system-provided menu items; will not be used
Mono: successfully reloaded assembly
- Completed reload, in  1.924 seconds
Domain Reload Profiling:
	ReloadAssembly (1925ms)
		BeginReloadAssembly (174ms)
			ExecutionOrderSort (0ms)
			DisableScriptedObjects (26ms)
			BackupInstance (0ms)
			ReleaseScriptingObjects (0ms)
			CreateAndSetChildDomain (50ms)
		EndReloadAssembly (1666ms)
			LoadAssemblies (164ms)
			RebuildTransferFunctionScriptingTraits (0ms)
			SetupTypeCache (295ms)
			ReleaseScriptCaches (1ms)
			RebuildScriptCaches (46ms)
			SetupLoadedEditorAssemblies (909ms)
				LogAssemblyErrors (0ms)
				InitializePlatformSupportModulesInManaged (15ms)
				SetLoadedEditorAssemblies (1ms)
				RefreshPlugins (0ms)
				BeforeProcessingInitializeOnLoad (214ms)
				ProcessInitializeOnLoadAttributes (651ms)
				ProcessInitializeOnLoadMethodAttributes (26ms)
				AfterProcessingInitializeOnLoad (1ms)
				EditorAssembliesLoaded (0ms)
			ExecutionOrderSort2 (0ms)
			AwakeInstancesAfterBackupRestoration (30ms)
Platform modules already initialized, skipping
Refreshing native plugins compatible for Editor in 0.33 ms, found 2 plugins.
Preloading 0 native plugins for Editor in 0.00 ms.
Unloading 1542 Unused Serialized files (Serialized files now loaded: 0)
System memory in use before: 191.5 MB.
System memory in use after: 191.6 MB.

Unloading 12 unused Assets to reduce memory usage. Loaded Objects now: 2054.
Total: 1.913583 ms (FindLiveObjects: 0.064250 ms CreateObjectMapping: 0.029792 ms MarkObjects: 1.802916 ms  DeleteObjects: 0.015708 ms)

AssetImportParameters requested are different than current active one (requested -> active):
  custom:video-decoder-ogg-theora: a1e56fd34408186e4bbccfd4996cb3dc -> 
  custom:container-muxer-webm: aa71ff27fc2769a1b78a27578f13a17b -> 
  custom:container-demuxer-webm: 4f35f7cbe854078d1ac9338744f61a02 -> 
  custom:container-demuxer-ogg: 62fdf1f143b41e24485cea50d1cbac27 -> 
  custom:video-encoder-webm-vp8: eb34c28f22e8b96e1ab97ce403110664 -> 
  custom:framework-osx-AVFoundation: e770b220cccbd017edd2c1fefb359320 -> 
  custom:video-decoder-webm-vp8: 9c59270c3fd7afecdb556c50c9e8de78 -> 
  custom:audio-decoder-ogg-vorbis: bf7c407c2cedff20999df2af8eb42d56 -> 
  custom:audio-encoder-webm-vorbis: bf7c407c2cedff20999df2af8eb42d56 -> 
========================================================================
Received Prepare
Registering precompiled user dll's ...
Registered in 0.000741 seconds.
Begin MonoManager ReloadAssembly
Native extension for WindowsStandalone target not found
Native extension for OSXStandalone target not found
Refreshing native plugins compatible for Editor in 0.35 ms, found 2 plugins.
Preloading 0 native plugins for Editor in 0.00 ms.
2022-05-25 23:59:41.483 Unity[4268:125824] NSEventModifierFlagFunction specified to -setKeyEquivalentModifierMask: for item <NSMenuItem: 0x600002a5f6b0 Font Asset, ke='Command-F12'>, but is only supported for system-provided menu items; will not be used
Mono: successfully reloaded assembly
- Completed reload, in  1.912 seconds
Domain Reload Profiling:
	ReloadAssembly (1913ms)
		BeginReloadAssembly (171ms)
			ExecutionOrderSort (0ms)
			DisableScriptedObjects (28ms)
			BackupInstance (0ms)
			ReleaseScriptingObjects (0ms)
			CreateAndSetChildDomain (52ms)
		EndReloadAssembly (1657ms)
			LoadAssemblies (181ms)
			RebuildTransferFunctionScriptingTraits (0ms)
			SetupTypeCache (290ms)
			ReleaseScriptCaches (1ms)
			RebuildScriptCaches (44ms)
			SetupLoadedEditorAssemblies (896ms)
				LogAssemblyErrors (0ms)
				InitializePlatformSupportModulesInManaged (14ms)
				SetLoadedEditorAssemblies (1ms)
				RefreshPlugins (0ms)
				BeforeProcessingInitializeOnLoad (205ms)
				ProcessInitializeOnLoadAttributes (650ms)
				ProcessInitializeOnLoadMethodAttributes (25ms)
				AfterProcessingInitializeOnLoad (1ms)
				EditorAssembliesLoaded (0ms)
			ExecutionOrderSort2 (0ms)
			AwakeInstancesAfterBackupRestoration (29ms)
Platform modules already initialized, skipping
Refreshing native plugins compatible for Editor in 0.30 ms, found 2 plugins.
Preloading 0 native plugins for Editor in 0.00 ms.
Unloading 1542 Unused Serialized files (Serialized files now loaded: 0)
System memory in use before: 191.7 MB.
System memory in use after: 191.8 MB.

Unloading 11 unused Assets to reduce memory usage. Loaded Objects now: 2056.
Total: 1.874000 ms (FindLiveObjects: 0.061042 ms CreateObjectMapping: 0.029500 ms MarkObjects: 1.765583 ms  DeleteObjects: 0.017334 ms)

AssetImportParameters requested are different than current active one (requested -> active):
  custom:video-decoder-ogg-theora: a1e56fd34408186e4bbccfd4996cb3dc -> 
  custom:container-muxer-webm: aa71ff27fc2769a1b78a27578f13a17b -> 
  custom:container-demuxer-webm: 4f35f7cbe854078d1ac9338744f61a02 -> 
  custom:container-demuxer-ogg: 62fdf1f143b41e24485cea50d1cbac27 -> 
  custom:video-encoder-webm-vp8: eb34c28f22e8b96e1ab97ce403110664 -> 
  custom:framework-osx-AVFoundation: e770b220cccbd017edd2c1fefb359320 -> 
  custom:video-decoder-webm-vp8: 9c59270c3fd7afecdb556c50c9e8de78 -> 
  custom:audio-decoder-ogg-vorbis: bf7c407c2cedff20999df2af8eb42d56 -> 
  custom:audio-encoder-webm-vorbis: bf7c407c2cedff20999df2af8eb42d56 -> 
========================================================================
Received Prepare
Registering precompiled user dll's ...
Registered in 0.001072 seconds.
Begin MonoManager ReloadAssembly
Native extension for WindowsStandalone target not found
Native extension for OSXStandalone target not found
Refreshing native plugins compatible for Editor in 0.34 ms, found 2 plugins.
Preloading 0 native plugins for Editor in 0.00 ms.
2022-05-26 00:04:39.543 Unity[4268:125824] NSEventModifierFlagFunction specified to -setKeyEquivalentModifierMask: for item <NSMenuItem: 0x600002a5f800 Font Asset, ke='Command-F12'>, but is only supported for system-provided menu items; will not be used
Mono: successfully reloaded assembly
- Completed reload, in  1.988 seconds
Domain Reload Profiling:
	ReloadAssembly (1989ms)
		BeginReloadAssembly (182ms)
			ExecutionOrderSort (0ms)
			DisableScriptedObjects (29ms)
			BackupInstance (0ms)
			ReleaseScriptingObjects (0ms)
			CreateAndSetChildDomain (55ms)
		EndReloadAssembly (1718ms)
			LoadAssemblies (171ms)
			RebuildTransferFunctionScriptingTraits (0ms)
			SetupTypeCache (307ms)
			ReleaseScriptCaches (1ms)
			RebuildScriptCaches (46ms)
			SetupLoadedEditorAssemblies (947ms)
				LogAssemblyErrors (0ms)
				InitializePlatformSupportModulesInManaged (15ms)
				SetLoadedEditorAssemblies (2ms)
				RefreshPlugins (0ms)
				BeforeProcessingInitializeOnLoad (214ms)
				ProcessInitializeOnLoadAttributes (689ms)
				ProcessInitializeOnLoadMethodAttributes (26ms)
				AfterProcessingInitializeOnLoad (1ms)
				EditorAssembliesLoaded (0ms)
			ExecutionOrderSort2 (0ms)
			AwakeInstancesAfterBackupRestoration (31ms)
Platform modules already initialized, skipping
Refreshing native plugins compatible for Editor in 0.35 ms, found 2 plugins.
Preloading 0 native plugins for Editor in 0.00 ms.
Unloading 1542 Unused Serialized files (Serialized files now loaded: 0)
System memory in use before: 191.8 MB.
System memory in use after: 191.9 MB.

Unloading 11 unused Assets to reduce memory usage. Loaded Objects now: 2058.
Total: 1.992375 ms (FindLiveObjects: 0.069916 ms CreateObjectMapping: 0.031167 ms MarkObjects: 1.873041 ms  DeleteObjects: 0.017500 ms)

AssetImportParameters requested are different than current active one (requested -> active):
  custom:video-decoder-ogg-theora: a1e56fd34408186e4bbccfd4996cb3dc -> 
  custom:container-muxer-webm: aa71ff27fc2769a1b78a27578f13a17b -> 
  custom:container-demuxer-webm: 4f35f7cbe854078d1ac9338744f61a02 -> 
  custom:container-demuxer-ogg: 62fdf1f143b41e24485cea50d1cbac27 -> 
  custom:video-encoder-webm-vp8: eb34c28f22e8b96e1ab97ce403110664 -> 
  custom:framework-osx-AVFoundation: e770b220cccbd017edd2c1fefb359320 -> 
  custom:video-decoder-webm-vp8: 9c59270c3fd7afecdb556c50c9e8de78 -> 
  custom:audio-decoder-ogg-vorbis: bf7c407c2cedff20999df2af8eb42d56 -> 
  custom:audio-encoder-webm-vorbis: bf7c407c2cedff20999df2af8eb42d56 -> 
========================================================================
Received Prepare
Registering precompiled user dll's ...
Registered in 0.001330 seconds.
Begin MonoManager ReloadAssembly
Native extension for WindowsStandalone target not found
Native extension for OSXStandalone target not found
Refreshing native plugins compatible for Editor in 0.35 ms, found 2 plugins.
Preloading 0 native plugins for Editor in 0.00 ms.
2022-05-26 00:05:27.668 Unity[4268:125824] NSEventModifierFlagFunction specified to -setKeyEquivalentModifierMask: for item <NSMenuItem: 0x600002a2bb10 Font Asset, ke='Command-F12'>, but is only supported for system-provided menu items; will not be used
Mono: successfully reloaded assembly
- Completed reload, in  1.979 seconds
Domain Reload Profiling:
	ReloadAssembly (1980ms)
		BeginReloadAssembly (170ms)
			ExecutionOrderSort (0ms)
			DisableScriptedObjects (27ms)
			BackupInstance (0ms)
			ReleaseScriptingObjects (0ms)
			CreateAndSetChildDomain (50ms)
		EndReloadAssembly (1724ms)
			LoadAssemblies (169ms)
			RebuildTransferFunctionScriptingTraits (0ms)
			SetupTypeCache (309ms)
			ReleaseScriptCaches (1ms)
			RebuildScriptCaches (45ms)
			SetupLoadedEditorAssemblies (950ms)
				LogAssemblyErrors (0ms)
				InitializePlatformSupportModulesInManaged (14ms)
				SetLoadedEditorAssemblies (1ms)
				RefreshPlugins (0ms)
				BeforeProcessingInitializeOnLoad (207ms)
				ProcessInitializeOnLoadAttributes (673ms)
				ProcessInitializeOnLoadMethodAttributes (53ms)
				AfterProcessingInitializeOnLoad (1ms)
				EditorAssembliesLoaded (0ms)
			ExecutionOrderSort2 (0ms)
			AwakeInstancesAfterBackupRestoration (31ms)
Platform modules already initialized, skipping
Refreshing native plugins compatible for Editor in 0.32 ms, found 2 plugins.
Preloading 0 native plugins for Editor in 0.00 ms.
Unloading 1542 Unused Serialized files (Serialized files now loaded: 0)
System memory in use before: 192.0 MB.
System memory in use after: 192.1 MB.

Unloading 11 unused Assets to reduce memory usage. Loaded Objects now: 2060.
Total: 1.965334 ms (FindLiveObjects: 0.066292 ms CreateObjectMapping: 0.030250 ms MarkObjects: 1.847166 ms  DeleteObjects: 0.021042 ms)

AssetImportParameters requested are different than current active one (requested -> active):
  custom:video-decoder-ogg-theora: a1e56fd34408186e4bbccfd4996cb3dc -> 
  custom:container-muxer-webm: aa71ff27fc2769a1b78a27578f13a17b -> 
  custom:container-demuxer-webm: 4f35f7cbe854078d1ac9338744f61a02 -> 
  custom:container-demuxer-ogg: 62fdf1f143b41e24485cea50d1cbac27 -> 
  custom:video-encoder-webm-vp8: eb34c28f22e8b96e1ab97ce403110664 -> 
  custom:framework-osx-AVFoundation: e770b220cccbd017edd2c1fefb359320 -> 
  custom:video-decoder-webm-vp8: 9c59270c3fd7afecdb556c50c9e8de78 -> 
  custom:audio-decoder-ogg-vorbis: bf7c407c2cedff20999df2af8eb42d56 -> 
  custom:audio-encoder-webm-vorbis: bf7c407c2cedff20999df2af8eb42d56 -> 
========================================================================
Received Prepare
Registering precompiled user dll's ...
Registered in 0.000741 seconds.
Begin MonoManager ReloadAssembly
Native extension for WindowsStandalone target not found
Native extension for OSXStandalone target not found
Refreshing native plugins compatible for Editor in 0.34 ms, found 2 plugins.
Preloading 0 native plugins for Editor in 0.00 ms.
2022-05-26 00:06:37.187 Unity[4268:125824] NSEventModifierFlagFunction specified to -setKeyEquivalentModifierMask: for item <NSMenuItem: 0x600002a4fdb0 Font Asset, ke='Command-F12'>, but is only supported for system-provided menu items; will not be used
Mono: successfully reloaded assembly
- Completed reload, in  1.999 seconds
Domain Reload Profiling:
	ReloadAssembly (2000ms)
		BeginReloadAssembly (177ms)
			ExecutionOrderSort (0ms)
			DisableScriptedObjects (28ms)
			BackupInstance (0ms)
			ReleaseScriptingObjects (0ms)
			CreateAndSetChildDomain (52ms)
		EndReloadAssembly (1735ms)
			LoadAssemblies (168ms)
			RebuildTransferFunctionScriptingTraits (0ms)
			SetupTypeCache (305ms)
			ReleaseScriptCaches (1ms)
			RebuildScriptCaches (46ms)
			SetupLoadedEditorAssemblies (967ms)
				LogAssemblyErrors (0ms)
				InitializePlatformSupportModulesInManaged (14ms)
				SetLoadedEditorAssemblies (1ms)
				RefreshPlugins (0ms)
				BeforeProcessingInitializeOnLoad (214ms)
				ProcessInitializeOnLoadAttributes (709ms)
				ProcessInitializeOnLoadMethodAttributes (27ms)
				AfterProcessingInitializeOnLoad (1ms)
				EditorAssembliesLoaded (0ms)
			ExecutionOrderSort2 (0ms)
			AwakeInstancesAfterBackupRestoration (32ms)
Platform modules already initialized, skipping
Refreshing native plugins compatible for Editor in 0.35 ms, found 2 plugins.
Preloading 0 native plugins for Editor in 0.00 ms.
Unloading 1542 Unused Serialized files (Serialized files now loaded: 0)
System memory in use before: 192.2 MB.
System memory in use after: 192.3 MB.

Unloading 11 unused Assets to reduce memory usage. Loaded Objects now: 2062.
Total: 1.954250 ms (FindLiveObjects: 0.068291 ms CreateObjectMapping: 0.030167 ms MarkObjects: 1.835958 ms  DeleteObjects: 0.019208 ms)

AssetImportParameters requested are different than current active one (requested -> active):
  custom:video-decoder-ogg-theora: a1e56fd34408186e4bbccfd4996cb3dc -> 
  custom:container-muxer-webm: aa71ff27fc2769a1b78a27578f13a17b -> 
  custom:container-demuxer-webm: 4f35f7cbe854078d1ac9338744f61a02 -> 
  custom:container-demuxer-ogg: 62fdf1f143b41e24485cea50d1cbac27 -> 
  custom:video-encoder-webm-vp8: eb34c28f22e8b96e1ab97ce403110664 -> 
  custom:framework-osx-AVFoundation: e770b220cccbd017edd2c1fefb359320 -> 
  custom:video-decoder-webm-vp8: 9c59270c3fd7afecdb556c50c9e8de78 -> 
  custom:audio-decoder-ogg-vorbis: bf7c407c2cedff20999df2af8eb42d56 -> 
  custom:audio-encoder-webm-vorbis: bf7c407c2cedff20999df2af8eb42d56 -> 
========================================================================
Received Prepare
Registering precompiled user dll's ...
Registered in 0.000721 seconds.
Begin MonoManager ReloadAssembly
Native extension for WindowsStandalone target not found
Native extension for OSXStandalone target not found
Refreshing native plugins compatible for Editor in 0.34 ms, found 2 plugins.
Preloading 0 native plugins for Editor in 0.00 ms.
2022-05-26 00:08:22.583 Unity[4268:125824] NSEventModifierFlagFunction specified to -setKeyEquivalentModifierMask: for item <NSMenuItem: 0x600002a7ff70 Font Asset, ke='Command-F12'>, but is only supported for system-provided menu items; will not be used
Mono: successfully reloaded assembly
- Completed reload, in  1.974 seconds
Domain Reload Profiling:
	ReloadAssembly (1975ms)
		BeginReloadAssembly (176ms)
			ExecutionOrderSort (0ms)
			DisableScriptedObjects (28ms)
			BackupInstance (0ms)
			ReleaseScriptingObjects (0ms)
			CreateAndSetChildDomain (52ms)
		EndReloadAssembly (1709ms)
			LoadAssemblies (168ms)
			RebuildTransferFunctionScriptingTraits (0ms)
			SetupTypeCache (305ms)
			ReleaseScriptCaches (1ms)
			RebuildScriptCaches (45ms)
			SetupLoadedEditorAssemblies (940ms)
				LogAssemblyErrors (0ms)
				InitializePlatformSupportModulesInManaged (14ms)
				SetLoadedEditorAssemblies (1ms)
				RefreshPlugins (0ms)
				BeforeProcessingInitializeOnLoad (212ms)
				ProcessInitializeOnLoadAttributes (685ms)
				ProcessInitializeOnLoadMethodAttributes (26ms)
				AfterProcessingInitializeOnLoad (1ms)
				EditorAssembliesLoaded (0ms)
			ExecutionOrderSort2 (0ms)
			AwakeInstancesAfterBackupRestoration (32ms)
Platform modules already initialized, skipping
Refreshing native plugins compatible for Editor in 0.33 ms, found 2 plugins.
Preloading 0 native plugins for Editor in 0.00 ms.
Unloading 1542 Unused Serialized files (Serialized files now loaded: 0)
System memory in use before: 192.3 MB.
System memory in use after: 192.4 MB.

Unloading 11 unused Assets to reduce memory usage. Loaded Objects now: 2064.
Total: 1.965416 ms (FindLiveObjects: 0.067166 ms CreateObjectMapping: 0.030584 ms MarkObjects: 1.848416 ms  DeleteObjects: 0.018584 ms)

AssetImportParameters requested are different than current active one (requested -> active):
  custom:video-decoder-ogg-theora: a1e56fd34408186e4bbccfd4996cb3dc -> 
  custom:container-muxer-webm: aa71ff27fc2769a1b78a27578f13a17b -> 
  custom:container-demuxer-webm: 4f35f7cbe854078d1ac9338744f61a02 -> 
  custom:container-demuxer-ogg: 62fdf1f143b41e24485cea50d1cbac27 -> 
  custom:video-encoder-webm-vp8: eb34c28f22e8b96e1ab97ce403110664 -> 
  custom:framework-osx-AVFoundation: e770b220cccbd017edd2c1fefb359320 -> 
  custom:video-decoder-webm-vp8: 9c59270c3fd7afecdb556c50c9e8de78 -> 
  custom:audio-decoder-ogg-vorbis: bf7c407c2cedff20999df2af8eb42d56 -> 
  custom:audio-encoder-webm-vorbis: bf7c407c2cedff20999df2af8eb42d56 -> 
========================================================================
Received Prepare
Registering precompiled user dll's ...
Registered in 0.001138 seconds.
Begin MonoManager ReloadAssembly
Native extension for WindowsStandalone target not found
Native extension for OSXStandalone target not found
Refreshing native plugins compatible for Editor in 0.35 ms, found 2 plugins.
Preloading 0 native plugins for Editor in 0.00 ms.
2022-05-26 00:10:11.880 Unity[4268:125824] NSEventModifierFlagFunction specified to -setKeyEquivalentModifierMask: for item <NSMenuItem: 0x600002a56840 Font Asset, ke='Command-F12'>, but is only supported for system-provided menu items; will not be used
Mono: successfully reloaded assembly
- Completed reload, in  1.995 seconds
Domain Reload Profiling:
	ReloadAssembly (1996ms)
		BeginReloadAssembly (172ms)
			ExecutionOrderSort (0ms)
			DisableScriptedObjects (28ms)
			BackupInstance (0ms)
			ReleaseScriptingObjects (0ms)
			CreateAndSetChildDomain (52ms)
		EndReloadAssembly (1735ms)
			LoadAssemblies (163ms)
			RebuildTransferFunctionScriptingTraits (0ms)
			SetupTypeCache (306ms)
			ReleaseScriptCaches (1ms)
			RebuildScriptCaches (45ms)
			SetupLoadedEditorAssemblies (968ms)
				LogAssemblyErrors (0ms)
				InitializePlatformSupportModulesInManaged (14ms)
				SetLoadedEditorAssemblies (1ms)
				RefreshPlugins (0ms)
				BeforeProcessingInitializeOnLoad (216ms)
				ProcessInitializeOnLoadAttributes (707ms)
				ProcessInitializeOnLoadMethodAttributes (27ms)
				AfterProcessingInitializeOnLoad (1ms)
				EditorAssembliesLoaded (0ms)
			ExecutionOrderSort2 (0ms)
			AwakeInstancesAfterBackupRestoration (31ms)
Platform modules already initialized, skipping
Refreshing native plugins compatible for Editor in 0.32 ms, found 2 plugins.
Preloading 0 native plugins for Editor in 0.00 ms.
Unloading 1542 Unused Serialized files (Serialized files now loaded: 0)
System memory in use before: 192.5 MB.
System memory in use after: 192.6 MB.

Unloading 11 unused Assets to reduce memory usage. Loaded Objects now: 2066.
Total: 1.957375 ms (FindLiveObjects: 0.068166 ms CreateObjectMapping: 0.029917 ms MarkObjects: 1.839917 ms  DeleteObjects: 0.018625 ms)

AssetImportParameters requested are different than current active one (requested -> active):
  custom:video-decoder-ogg-theora: a1e56fd34408186e4bbccfd4996cb3dc -> 
  custom:container-muxer-webm: aa71ff27fc2769a1b78a27578f13a17b -> 
  custom:container-demuxer-webm: 4f35f7cbe854078d1ac9338744f61a02 -> 
  custom:container-demuxer-ogg: 62fdf1f143b41e24485cea50d1cbac27 -> 
  custom:video-encoder-webm-vp8: eb34c28f22e8b96e1ab97ce403110664 -> 
  custom:framework-osx-AVFoundation: e770b220cccbd017edd2c1fefb359320 -> 
  custom:video-decoder-webm-vp8: 9c59270c3fd7afecdb556c50c9e8de78 -> 
  custom:audio-decoder-ogg-vorbis: bf7c407c2cedff20999df2af8eb42d56 -> 
  custom:audio-encoder-webm-vorbis: bf7c407c2cedff20999df2af8eb42d56 -> 
========================================================================
Received Prepare
Registering precompiled user dll's ...
Registered in 0.000710 seconds.
Begin MonoManager ReloadAssembly
Native extension for WindowsStandalone target not found
Native extension for OSXStandalone target not found
Refreshing native plugins compatible for Editor in 0.34 ms, found 2 plugins.
Preloading 0 native plugins for Editor in 0.00 ms.
2022-05-26 00:11:08.039 Unity[4268:125824] NSEventModifierFlagFunction specified to -setKeyEquivalentModifierMask: for item <NSMenuItem: 0x600002a57640 Font Asset, ke='Command-F12'>, but is only supported for system-provided menu items; will not be used
Mono: successfully reloaded assembly
- Completed reload, in  1.981 seconds
Domain Reload Profiling:
	ReloadAssembly (1982ms)
		BeginReloadAssembly (172ms)
			ExecutionOrderSort (0ms)
			DisableScriptedObjects (28ms)
			BackupInstance (0ms)
			ReleaseScriptingObjects (0ms)
			CreateAndSetChildDomain (52ms)
		EndReloadAssembly (1721ms)
			LoadAssemblies (167ms)
			RebuildTransferFunctionScriptingTraits (0ms)
			SetupTypeCache (306ms)
			ReleaseScriptCaches (1ms)
			RebuildScriptCaches (46ms)
			SetupLoadedEditorAssemblies (947ms)
				LogAssemblyErrors (0ms)
				InitializePlatformSupportModulesInManaged (14ms)
				SetLoadedEditorAssemblies (1ms)
				RefreshPlugins (0ms)
				BeforeProcessingInitializeOnLoad (212ms)
				ProcessInitializeOnLoadAttributes (693ms)
				ProcessInitializeOnLoadMethodAttributes (26ms)
				AfterProcessingInitializeOnLoad (1ms)
				EditorAssembliesLoaded (0ms)
			ExecutionOrderSort2 (0ms)
			AwakeInstancesAfterBackupRestoration (31ms)
Platform modules already initialized, skipping
Refreshing native plugins compatible for Editor in 0.32 ms, found 2 plugins.
Preloading 0 native plugins for Editor in 0.00 ms.
Unloading 1542 Unused Serialized files (Serialized files now loaded: 0)
System memory in use before: 192.7 MB.
System memory in use after: 192.8 MB.

Unloading 11 unused Assets to reduce memory usage. Loaded Objects now: 2068.
Total: 1.974417 ms (FindLiveObjects: 0.070625 ms CreateObjectMapping: 0.029875 ms MarkObjects: 1.853875 ms  DeleteObjects: 0.019375 ms)

AssetImportParameters requested are different than current active one (requested -> active):
  custom:video-decoder-ogg-theora: a1e56fd34408186e4bbccfd4996cb3dc -> 
  custom:container-muxer-webm: aa71ff27fc2769a1b78a27578f13a17b -> 
  custom:container-demuxer-webm: 4f35f7cbe854078d1ac9338744f61a02 -> 
  custom:container-demuxer-ogg: 62fdf1f143b41e24485cea50d1cbac27 -> 
  custom:video-encoder-webm-vp8: eb34c28f22e8b96e1ab97ce403110664 -> 
  custom:framework-osx-AVFoundation: e770b220cccbd017edd2c1fefb359320 -> 
  custom:video-decoder-webm-vp8: 9c59270c3fd7afecdb556c50c9e8de78 -> 
  custom:audio-decoder-ogg-vorbis: bf7c407c2cedff20999df2af8eb42d56 -> 
  custom:audio-encoder-webm-vorbis: bf7c407c2cedff20999df2af8eb42d56 -> 
========================================================================
Received Prepare
Registering precompiled user dll's ...
Registered in 0.000735 seconds.
Begin MonoManager ReloadAssembly
Native extension for WindowsStandalone target not found
Native extension for OSXStandalone target not found
Refreshing native plugins compatible for Editor in 0.34 ms, found 2 plugins.
Preloading 0 native plugins for Editor in 0.00 ms.
2022-05-26 00:11:59.825 Unity[4268:125824] NSEventModifierFlagFunction specified to -setKeyEquivalentModifierMask: for item <NSMenuItem: 0x600002a48f50 Font Asset, ke='Command-F12'>, but is only supported for system-provided menu items; will not be used
Mono: successfully reloaded assembly
- Completed reload, in  1.876 seconds
Domain Reload Profiling:
	ReloadAssembly (1877ms)
		BeginReloadAssembly (169ms)
			ExecutionOrderSort (0ms)
			DisableScriptedObjects (27ms)
			BackupInstance (0ms)
			ReleaseScriptingObjects (0ms)
			CreateAndSetChildDomain (50ms)
		EndReloadAssembly (1624ms)
			LoadAssemblies (162ms)
			RebuildTransferFunctionScriptingTraits (0ms)
			SetupTypeCache (288ms)
			ReleaseScriptCaches (1ms)
			RebuildScriptCaches (43ms)
			SetupLoadedEditorAssemblies (893ms)
				LogAssemblyErrors (0ms)
				InitializePlatformSupportModulesInManaged (13ms)
				SetLoadedEditorAssemblies (1ms)
				RefreshPlugins (0ms)
				BeforeProcessingInitializeOnLoad (204ms)
				ProcessInitializeOnLoadAttributes (651ms)
				ProcessInitializeOnLoadMethodAttributes (23ms)
				AfterProcessingInitializeOnLoad (1ms)
				EditorAssembliesLoaded (0ms)
			ExecutionOrderSort2 (0ms)
			AwakeInstancesAfterBackupRestoration (28ms)
Platform modules already initialized, skipping
Refreshing native plugins compatible for Editor in 0.30 ms, found 2 plugins.
Preloading 0 native plugins for Editor in 0.00 ms.
Unloading 1542 Unused Serialized files (Serialized files now loaded: 0)
System memory in use before: 192.8 MB.
System memory in use after: 192.9 MB.

Unloading 11 unused Assets to reduce memory usage. Loaded Objects now: 2070.
Total: 1.888875 ms (FindLiveObjects: 0.063792 ms CreateObjectMapping: 0.028584 ms MarkObjects: 1.781166 ms  DeleteObjects: 0.014875 ms)

AssetImportParameters requested are different than current active one (requested -> active):
  custom:video-decoder-ogg-theora: a1e56fd34408186e4bbccfd4996cb3dc -> 
  custom:container-muxer-webm: aa71ff27fc2769a1b78a27578f13a17b -> 
  custom:container-demuxer-webm: 4f35f7cbe854078d1ac9338744f61a02 -> 
  custom:container-demuxer-ogg: 62fdf1f143b41e24485cea50d1cbac27 -> 
  custom:video-encoder-webm-vp8: eb34c28f22e8b96e1ab97ce403110664 -> 
  custom:framework-osx-AVFoundation: e770b220cccbd017edd2c1fefb359320 -> 
  custom:video-decoder-webm-vp8: 9c59270c3fd7afecdb556c50c9e8de78 -> 
  custom:audio-decoder-ogg-vorbis: bf7c407c2cedff20999df2af8eb42d56 -> 
  custom:audio-encoder-webm-vorbis: bf7c407c2cedff20999df2af8eb42d56 -> 
========================================================================
Received Import Request.
  Time since last request: 1192.980161 seconds.
  path: Assets/UI/GAME_OVER-100 1.jpg
  artifactKey: Guid(b840a141a92824ff89e3a205d9e6226b) Importer(815301076,1909f56bfc062723c751e8b465ee728b)
Start importing Assets/UI/GAME_OVER-100 1.jpg using Guid(b840a141a92824ff89e3a205d9e6226b) Importer(815301076,1909f56bfc062723c751e8b465ee728b)  -> (artifact id: '86a6b1aceca1d4133d65c0d112c09e23') in 0.562196 seconds 
  Import took 0.566146 seconds .

========================================================================
Received Import Request.
  Time since last request: 0.000294 seconds.
  path: Assets/UI/PUNTOS_OP2-100 1.jpg
  artifactKey: Guid(f546fb11c07044dce895b4947de8c46f) Importer(815301076,1909f56bfc062723c751e8b465ee728b)
Start importing Assets/UI/PUNTOS_OP2-100 1.jpg using Guid(f546fb11c07044dce895b4947de8c46f) Importer(815301076,1909f56bfc062723c751e8b465ee728b)  -> (artifact id: '0c8edb990ca9914bb7f0e84aaf0ececf') in 0.008784 seconds 
  Import took 0.010438 seconds .

========================================================================
Received Import Request.
  Time since last request: 0.000256 seconds.
  path: Assets/UI/PANTALLA_WIN_GENERAL-100.jpg
  artifactKey: Guid(afa97b9d35c494862b295dad64dffc08) Importer(815301076,1909f56bfc062723c751e8b465ee728b)
Start importing Assets/UI/PANTALLA_WIN_GENERAL-100.jpg using Guid(afa97b9d35c494862b295dad64dffc08) Importer(815301076,1909f56bfc062723c751e8b465ee728b)  -> (artifact id: '9ce08f8c8376a7c3631df8fe9e7731c8') in 0.006229 seconds 
  Import took 0.007848 seconds .

========================================================================
Received Import Request.
  Time since last request: 0.000254 seconds.
  path: Assets/UI/PANTALLA_INICIO_GENERAL_01-100.jpg
  artifactKey: Guid(ef3180087b55e49e690e2a58b0ecbcf0) Importer(815301076,1909f56bfc062723c751e8b465ee728b)
Start importing Assets/UI/PANTALLA_INICIO_GENERAL_01-100.jpg using Guid(ef3180087b55e49e690e2a58b0ecbcf0) Importer(815301076,1909f56bfc062723c751e8b465ee728b)  -> (artifact id: '9f988dd2bc42659aa0624d241144d60c') in 0.006458 seconds 
  Import took 0.008056 seconds .

========================================================================
Received Import Request.
  Time since last request: 0.000271 seconds.
  path: Assets/UI/PUNTOS_OP1-100 1.jpg
  artifactKey: Guid(4c334b6d868e548d4809bd567c042fed) Importer(815301076,1909f56bfc062723c751e8b465ee728b)
Start importing Assets/UI/PUNTOS_OP1-100 1.jpg using Guid(4c334b6d868e548d4809bd567c042fed) Importer(815301076,1909f56bfc062723c751e8b465ee728b)  -> (artifact id: '3a50b77ec0490c4cebb8db289d4e2721') in 0.005732 seconds 
  Import took 0.007314 seconds .

========================================================================
Received Import Request.
  Time since last request: 0.000261 seconds.
  path: Assets/UI/PANTALLA_INICIO-100.jpg
  artifactKey: Guid(d57f38c4b263a4a9c9198c594170addf) Importer(815301076,1909f56bfc062723c751e8b465ee728b)
Start importing Assets/UI/PANTALLA_INICIO-100.jpg using Guid(d57f38c4b263a4a9c9198c594170addf) Importer(815301076,1909f56bfc062723c751e8b465ee728b)  -> (artifact id: '7163974d8de822ddad09921c6eed3e3c') in 0.006323 seconds 
  Import took 0.008197 seconds .

========================================================================
Received Import Request.
  Time since last request: 0.000334 seconds.
  path: Assets/UI/PANTALLA_INICIO_GENERAL_02-100.jpg
  artifactKey: Guid(5f1607311131345eb9328459604b7979) Importer(815301076,1909f56bfc062723c751e8b465ee728b)
Start importing Assets/UI/PANTALLA_INICIO_GENERAL_02-100.jpg using Guid(5f1607311131345eb9328459604b7979) Importer(815301076,1909f56bfc062723c751e8b465ee728b)  -> (artifact id: 'f13deb7f7cb3dc957b708d4be25acb35') in 0.008207 seconds 
  Import took 0.010247 seconds .

========================================================================
Received Import Request.
  Time since last request: 38.009200 seconds.
  path: Assets/UI/PANTALLA_INICIO-100.jpg
  artifactKey: Guid(d57f38c4b263a4a9c9198c594170addf) Importer(815301076,1909f56bfc062723c751e8b465ee728b)
Start importing Assets/UI/PANTALLA_INICIO-100.jpg using Guid(d57f38c4b263a4a9c9198c594170addf) Importer(815301076,1909f56bfc062723c751e8b465ee728b)  -> (artifact id: 'ce6bf4f13aab6a024273e0c48b839af4') in 0.093585 seconds 
  Import took 0.095742 seconds .

========================================================================
Received Import Request.
  Time since last request: 67.481749 seconds.
  path: Assets/UI/BOTO_REINICIAR 1.png
  artifactKey: Guid(12ea80682950d4b498743ae00765ad99) Importer(815301076,1909f56bfc062723c751e8b465ee728b)
Start importing Assets/UI/BOTO_REINICIAR 1.png using Guid(12ea80682950d4b498743ae00765ad99) Importer(815301076,1909f56bfc062723c751e8b465ee728b)  -> (artifact id: 'ecc9ceb0fc989afb0fc9c5b5b1c3af40') in 0.326776 seconds 
  Import took 0.331056 seconds .

========================================================================
Received Import Request.
  Time since last request: 0.000266 seconds.
  path: Assets/UI/BOTON_SALIR_INCIO.png
  artifactKey: Guid(fa570ca08a7fb4b4791304213cd40c4a) Importer(815301076,1909f56bfc062723c751e8b465ee728b)
Start importing Assets/UI/BOTON_SALIR_INCIO.png using Guid(fa570ca08a7fb4b4791304213cd40c4a) Importer(815301076,1909f56bfc062723c751e8b465ee728b)  -> (artifact id: '5317681fddb980c87bc3aa92762724dd') in 0.004738 seconds 
  Import took 0.006371 seconds .

========================================================================
Received Import Request.
  Time since last request: 0.000235 seconds.
  path: Assets/UI/BOTON_SINOPSIS.png
  artifactKey: Guid(9e1ec3cf86785408c86e2cb4db01c8fa) Importer(815301076,1909f56bfc062723c751e8b465ee728b)
Start importing Assets/UI/BOTON_SINOPSIS.png using Guid(9e1ec3cf86785408c86e2cb4db01c8fa) Importer(815301076,1909f56bfc062723c751e8b465ee728b)  -> (artifact id: 'bfdafc29e7afcaa1c8e50d083196de22') in 0.004617 seconds 
  Import took 0.006270 seconds .

========================================================================
Received Import Request.
  Time since last request: 0.000226 seconds.
  path: Assets/UI/BOTON_TUTORIAL.png
  artifactKey: Guid(023cf076a9af548bfaea8d350680e0b1) Importer(815301076,1909f56bfc062723c751e8b465ee728b)
Start importing Assets/UI/BOTON_TUTORIAL.png using Guid(023cf076a9af548bfaea8d350680e0b1) Importer(815301076,1909f56bfc062723c751e8b465ee728b)  -> (artifact id: 'a512072fd20e3c6814479da006adfeb0') in 0.005103 seconds 
  Import took 0.006817 seconds .

========================================================================
Received Import Request.
  Time since last request: 0.000222 seconds.
  path: Assets/UI/BOTON_MAPA 1.png
  artifactKey: Guid(63ba97299d231450bb0726e761057f96) Importer(815301076,1909f56bfc062723c751e8b465ee728b)
Start importing Assets/UI/BOTON_MAPA 1.png using Guid(63ba97299d231450bb0726e761057f96) Importer(815301076,1909f56bfc062723c751e8b465ee728b)  -> (artifact id: 'fa477d8cc2605a83374f1766e6ad3130') in 0.005107 seconds 
  Import took 0.007261 seconds .

========================================================================
Received Import Request.
  Time since last request: 0.000449 seconds.
  path: Assets/UI/BOTON_SALIR_INCIIO_02.png
  artifactKey: Guid(7781ec57cab97428da960a1e0b5bb7b0) Importer(815301076,1909f56bfc062723c751e8b465ee728b)
Start importing Assets/UI/BOTON_SALIR_INCIIO_02.png using Guid(7781ec57cab97428da960a1e0b5bb7b0) Importer(815301076,1909f56bfc062723c751e8b465ee728b)  -> (artifact id: '620c746d1767592b48fa13a2363c4ae4') in 0.005470 seconds 
  Import took 0.007727 seconds .

========================================================================
Received Import Request.
  Time since last request: 0.000209 seconds.
  path: Assets/UI/BOTON_TIEMPO.png
  artifactKey: Guid(e916b6d31fc53429e96abf3374dff22b) Importer(815301076,1909f56bfc062723c751e8b465ee728b)
Start importing Assets/UI/BOTON_TIEMPO.png using Guid(e916b6d31fc53429e96abf3374dff22b) Importer(815301076,1909f56bfc062723c751e8b465ee728b)  -> (artifact id: '1e275087991f5239e7bba1b2468efbca') in 0.005235 seconds 
  Import took 0.006909 seconds .

========================================================================
Received Import Request.
  Time since last request: 0.000246 seconds.
  path: Assets/UI/BOTON_INICIAR_GENERAL.png
  artifactKey: Guid(3839c86ba21b14725a62bb768a9c991e) Importer(815301076,1909f56bfc062723c751e8b465ee728b)
Start importing Assets/UI/BOTON_INICIAR_GENERAL.png using Guid(3839c86ba21b14725a62bb768a9c991e) Importer(815301076,1909f56bfc062723c751e8b465ee728b)  -> (artifact id: '5e64b298e3270bb399c8792ea5fddb42') in 0.004465 seconds 
  Import took 0.006107 seconds .

========================================================================
Received Import Request.
  Time since last request: 74.333612 seconds.
  path: Assets/UI/BOTON_INICIAR_GENERAL.png
  artifactKey: Guid(3839c86ba21b14725a62bb768a9c991e) Importer(815301076,1909f56bfc062723c751e8b465ee728b)
Start importing Assets/UI/BOTON_INICIAR_GENERAL.png using Guid(3839c86ba21b14725a62bb768a9c991e) Importer(815301076,1909f56bfc062723c751e8b465ee728b)  -> (artifact id: 'acdb5b7622594aa607a854fd806fb98d') in 0.014937 seconds 
  Import took 0.017368 seconds .

========================================================================
Received Import Request.
  Time since last request: 10.728207 seconds.
  path: Assets/UI/PANTALLA_INICIO_GENERAL_01-100.jpg
  artifactKey: Guid(ef3180087b55e49e690e2a58b0ecbcf0) Importer(815301076,1909f56bfc062723c751e8b465ee728b)
Start importing Assets/UI/PANTALLA_INICIO_GENERAL_01-100.jpg using Guid(ef3180087b55e49e690e2a58b0ecbcf0) Importer(815301076,1909f56bfc062723c751e8b465ee728b)  -> (artifact id: 'b0056c5ad05356202ae773d958c8915d') in 0.015296 seconds 
  Import took 0.017533 seconds .

========================================================================
Received Import Request.
  Time since last request: 12.259355 seconds.
  path: Assets/scenes/Menu_inicial.unity
  artifactKey: Guid(a178ae3654f3142ffa7332609656f377) Importer(815301076,1909f56bfc062723c751e8b465ee728b)
Start importing Assets/scenes/Menu_inicial.unity using Guid(a178ae3654f3142ffa7332609656f377) Importer(815301076,1909f56bfc062723c751e8b465ee728b)  -> (artifact id: '37a2c34d9890d068e9d1ae4784c4ea48') in 0.002594 seconds 
  Import took 0.006383 seconds .

========================================================================
Received Import Request.
  Time since last request: 154.727209 seconds.
  path: Assets/UI/BOTON_SALIR_INCIO.png
  artifactKey: Guid(fa570ca08a7fb4b4791304213cd40c4a) Importer(815301076,1909f56bfc062723c751e8b465ee728b)
Start importing Assets/UI/BOTON_SALIR_INCIO.png using Guid(fa570ca08a7fb4b4791304213cd40c4a) Importer(815301076,1909f56bfc062723c751e8b465ee728b)  -> (artifact id: 'b0291ffb058a1c5c8752e1945530f6f3') in 0.011103 seconds 
  Import took 0.013439 seconds .

========================================================================
Received Import Request.
  Time since last request: 179.998023 seconds.
  path: Assets/UI/BOTON_SINOPSIS.png
  artifactKey: Guid(9e1ec3cf86785408c86e2cb4db01c8fa) Importer(815301076,1909f56bfc062723c751e8b465ee728b)
Start importing Assets/UI/BOTON_SINOPSIS.png using Guid(9e1ec3cf86785408c86e2cb4db01c8fa) Importer(815301076,1909f56bfc062723c751e8b465ee728b)  -> (artifact id: '4e29126646f68075511d22c13624e93c') in 0.010497 seconds 
  Import took 0.012968 seconds .

========================================================================
Received Prepare
Registering precompiled user dll's ...
Registered in 0.000738 seconds.
Begin MonoManager ReloadAssembly
Native extension for WindowsStandalone target not found
Native extension for OSXStandalone target not found
Refreshing native plugins compatible for Editor in 0.33 ms, found 2 plugins.
Preloading 0 native plugins for Editor in 0.00 ms.
2022-05-26 00:32:16.989 Unity[4268:125824] NSEventModifierFlagFunction specified to -setKeyEquivalentModifierMask: for item <NSMenuItem: 0x600002a48f50 Font Asset, ke='Command-F12'>, but is only supported for system-provided menu items; will not be used
Mono: successfully reloaded assembly
- Completed reload, in  1.909 seconds
Domain Reload Profiling:
	ReloadAssembly (1910ms)
		BeginReloadAssembly (169ms)
			ExecutionOrderSort (0ms)
			DisableScriptedObjects (26ms)
			BackupInstance (0ms)
			ReleaseScriptingObjects (0ms)
			CreateAndSetChildDomain (51ms)
		EndReloadAssembly (1657ms)
			LoadAssemblies (160ms)
			RebuildTransferFunctionScriptingTraits (0ms)
			SetupTypeCache (287ms)
			ReleaseScriptCaches (1ms)
			RebuildScriptCaches (43ms)
			SetupLoadedEditorAssemblies (932ms)
				LogAssemblyErrors (0ms)
				InitializePlatformSupportModulesInManaged (14ms)
				SetLoadedEditorAssemblies (1ms)
				RefreshPlugins (0ms)
				BeforeProcessingInitializeOnLoad (232ms)
				ProcessInitializeOnLoadAttributes (659ms)
				ProcessInitializeOnLoadMethodAttributes (25ms)
				AfterProcessingInitializeOnLoad (1ms)
				EditorAssembliesLoaded (0ms)
			ExecutionOrderSort2 (0ms)
			AwakeInstancesAfterBackupRestoration (28ms)
Platform modules already initialized, skipping
Refreshing native plugins compatible for Editor in 0.32 ms, found 2 plugins.
Preloading 0 native plugins for Editor in 0.00 ms.
Unloading 1542 Unused Serialized files (Serialized files now loaded: 0)
System memory in use before: 201.6 MB.
System memory in use after: 201.7 MB.

Unloading 11 unused Assets to reduce memory usage. Loaded Objects now: 2086.
Total: 1.890000 ms (FindLiveObjects: 0.060417 ms CreateObjectMapping: 0.029458 ms MarkObjects: 1.782000 ms  DeleteObjects: 0.017375 ms)

AssetImportParameters requested are different than current active one (requested -> active):
  custom:video-decoder-ogg-theora: a1e56fd34408186e4bbccfd4996cb3dc -> 
  custom:container-muxer-webm: aa71ff27fc2769a1b78a27578f13a17b -> 
  custom:container-demuxer-webm: 4f35f7cbe854078d1ac9338744f61a02 -> 
  custom:container-demuxer-ogg: 62fdf1f143b41e24485cea50d1cbac27 -> 
  custom:video-encoder-webm-vp8: eb34c28f22e8b96e1ab97ce403110664 -> 
  custom:framework-osx-AVFoundation: e770b220cccbd017edd2c1fefb359320 -> 
  custom:video-decoder-webm-vp8: 9c59270c3fd7afecdb556c50c9e8de78 -> 
  custom:audio-decoder-ogg-vorbis: bf7c407c2cedff20999df2af8eb42d56 -> 
  custom:audio-encoder-webm-vorbis: bf7c407c2cedff20999df2af8eb42d56 -> 
========================================================================
Received Prepare
Registering precompiled user dll's ...
Registered in 0.000836 seconds.
Begin MonoManager ReloadAssembly
Native extension for WindowsStandalone target not found
Native extension for OSXStandalone target not found
Refreshing native plugins compatible for Editor in 0.34 ms, found 2 plugins.
Preloading 0 native plugins for Editor in 0.00 ms.
2022-05-26 00:32:44.303 Unity[4268:125824] NSEventModifierFlagFunction specified to -setKeyEquivalentModifierMask: for item <NSMenuItem: 0x600002a48f50 Font Asset, ke='Command-F12'>, but is only supported for system-provided menu items; will not be used
Mono: successfully reloaded assembly
- Completed reload, in  1.903 seconds
Domain Reload Profiling:
	ReloadAssembly (1904ms)
		BeginReloadAssembly (171ms)
			ExecutionOrderSort (0ms)
			DisableScriptedObjects (27ms)
			BackupInstance (0ms)
			ReleaseScriptingObjects (0ms)
			CreateAndSetChildDomain (49ms)
		EndReloadAssembly (1648ms)
			LoadAssemblies (162ms)
			RebuildTransferFunctionScriptingTraits (0ms)
			SetupTypeCache (291ms)
			ReleaseScriptCaches (1ms)
			RebuildScriptCaches (46ms)
			SetupLoadedEditorAssemblies (907ms)
				LogAssemblyErrors (0ms)
				InitializePlatformSupportModulesInManaged (13ms)
				SetLoadedEditorAssemblies (1ms)
				RefreshPlugins (0ms)
				BeforeProcessingInitializeOnLoad (208ms)
				ProcessInitializeOnLoadAttributes (658ms)
				ProcessInitializeOnLoadMethodAttributes (25ms)
				AfterProcessingInitializeOnLoad (1ms)
				EditorAssembliesLoaded (0ms)
			ExecutionOrderSort2 (0ms)
			AwakeInstancesAfterBackupRestoration (30ms)
Platform modules already initialized, skipping
Refreshing native plugins compatible for Editor in 0.30 ms, found 2 plugins.
Preloading 0 native plugins for Editor in 0.00 ms.
Unloading 1542 Unused Serialized files (Serialized files now loaded: 0)
System memory in use before: 201.8 MB.
System memory in use after: 201.9 MB.

Unloading 11 unused Assets to reduce memory usage. Loaded Objects now: 2088.
Total: 1.878041 ms (FindLiveObjects: 0.069750 ms CreateObjectMapping: 0.031042 ms MarkObjects: 1.757541 ms  DeleteObjects: 0.019083 ms)

AssetImportParameters requested are different than current active one (requested -> active):
  custom:video-decoder-ogg-theora: a1e56fd34408186e4bbccfd4996cb3dc -> 
  custom:container-muxer-webm: aa71ff27fc2769a1b78a27578f13a17b -> 
  custom:container-demuxer-webm: 4f35f7cbe854078d1ac9338744f61a02 -> 
  custom:container-demuxer-ogg: 62fdf1f143b41e24485cea50d1cbac27 -> 
  custom:video-encoder-webm-vp8: eb34c28f22e8b96e1ab97ce403110664 -> 
  custom:framework-osx-AVFoundation: e770b220cccbd017edd2c1fefb359320 -> 
  custom:video-decoder-webm-vp8: 9c59270c3fd7afecdb556c50c9e8de78 -> 
  custom:audio-decoder-ogg-vorbis: bf7c407c2cedff20999df2af8eb42d56 -> 
  custom:audio-encoder-webm-vorbis: bf7c407c2cedff20999df2af8eb42d56 -> 
========================================================================
Received Prepare
Registering precompiled user dll's ...
Registered in 0.000719 seconds.
Begin MonoManager ReloadAssembly
Native extension for WindowsStandalone target not found
Native extension for OSXStandalone target not found
Refreshing native plugins compatible for Editor in 0.34 ms, found 2 plugins.
Preloading 0 native plugins for Editor in 0.00 ms.
2022-05-26 00:33:28.256 Unity[4268:125824] NSEventModifierFlagFunction specified to -setKeyEquivalentModifierMask: for item <NSMenuItem: 0x600002a4ad10 Font Asset, ke='Command-F12'>, but is only supported for system-provided menu items; will not be used
Mono: successfully reloaded assembly
- Completed reload, in  1.972 seconds
Domain Reload Profiling:
	ReloadAssembly (1973ms)
		BeginReloadAssembly (170ms)
			ExecutionOrderSort (0ms)
			DisableScriptedObjects (27ms)
			BackupInstance (0ms)
			ReleaseScriptingObjects (0ms)
			CreateAndSetChildDomain (52ms)
		EndReloadAssembly (1713ms)
			LoadAssemblies (163ms)
			RebuildTransferFunctionScriptingTraits (0ms)
			SetupTypeCache (306ms)
			ReleaseScriptCaches (1ms)
			RebuildScriptCaches (45ms)
			SetupLoadedEditorAssemblies (945ms)
				LogAssemblyErrors (0ms)
				InitializePlatformSupportModulesInManaged (14ms)
				SetLoadedEditorAssemblies (1ms)
				RefreshPlugins (0ms)
				BeforeProcessingInitializeOnLoad (211ms)
				ProcessInitializeOnLoadAttributes (691ms)
				ProcessInitializeOnLoadMethodAttributes (27ms)
				AfterProcessingInitializeOnLoad (1ms)
				EditorAssembliesLoaded (0ms)
			ExecutionOrderSort2 (0ms)
			AwakeInstancesAfterBackupRestoration (31ms)
Platform modules already initialized, skipping
Refreshing native plugins compatible for Editor in 0.32 ms, found 2 plugins.
Preloading 0 native plugins for Editor in 0.00 ms.
Unloading 1542 Unused Serialized files (Serialized files now loaded: 0)
System memory in use before: 201.9 MB.
System memory in use after: 202.1 MB.

Unloading 11 unused Assets to reduce memory usage. Loaded Objects now: 2090.
Total: 1.982125 ms (FindLiveObjects: 0.073334 ms CreateObjectMapping: 0.030666 ms MarkObjects: 1.858500 ms  DeleteObjects: 0.019000 ms)

AssetImportParameters requested are different than current active one (requested -> active):
  custom:video-decoder-ogg-theora: a1e56fd34408186e4bbccfd4996cb3dc -> 
  custom:container-muxer-webm: aa71ff27fc2769a1b78a27578f13a17b -> 
  custom:container-demuxer-webm: 4f35f7cbe854078d1ac9338744f61a02 -> 
  custom:container-demuxer-ogg: 62fdf1f143b41e24485cea50d1cbac27 -> 
  custom:video-encoder-webm-vp8: eb34c28f22e8b96e1ab97ce403110664 -> 
  custom:framework-osx-AVFoundation: e770b220cccbd017edd2c1fefb359320 -> 
  custom:video-decoder-webm-vp8: 9c59270c3fd7afecdb556c50c9e8de78 -> 
  custom:audio-decoder-ogg-vorbis: bf7c407c2cedff20999df2af8eb42d56 -> 
  custom:audio-encoder-webm-vorbis: bf7c407c2cedff20999df2af8eb42d56 -> 
========================================================================
Received Import Request.
  Time since last request: 434.991130 seconds.
  path: Assets/Scripts/scriptObrasScene/ButtonEventClick.cs
  artifactKey: Guid(1a3ffddb5f96e4f1389b4c8fce5b0d49) Importer(815301076,1909f56bfc062723c751e8b465ee728b)
Start importing Assets/Scripts/scriptObrasScene/ButtonEventClick.cs using Guid(1a3ffddb5f96e4f1389b4c8fce5b0d49) Importer(815301076,1909f56bfc062723c751e8b465ee728b)  -> (artifact id: 'cd8ceaf5a25ccb76d43cbe1ad4ba3791') in 0.069871 seconds 
  Import took 0.073885 seconds .

